#-----------------------------------------------------------
# Vivado v2019.2 (64-bit)
# SW Build 2708876 on Wed Nov  6 21:40:23 MST 2019
# IP Build 2700528 on Thu Nov  7 00:09:20 MST 2019
# Start of session at: Sun Apr 16 14:29:32 2023
# Process ID: 33432
# Current directory: D:/Xilinx/Vivado_Projects/MIPS
# Command line: vivado.exe -gui_launcher_event rodinguilauncherevent38196 D:\Xilinx\Vivado_Projects\MIPS\MIPS.xpr
# Log file: D:/Xilinx/Vivado_Projects/MIPS/vivado.log
# Journal file: D:/Xilinx/Vivado_Projects/MIPS\vivado.jou
#-----------------------------------------------------------
start_gui
open_project D:/Xilinx/Vivado_Projects/MIPS/MIPS.xpr
Scanning sources...
Finished scanning sources
INFO: [IP_Flow 19-234] Refreshing IP repositories
INFO: [IP_Flow 19-1704] No user IP repositories specified
INFO: [IP_Flow 19-2313] Loaded Vivado IP repository 'D:/Xilinx/Vivado/2019.2/data/ip'.
exit
INFO: [Common 17-206] Exiting Vivado at Mon Apr 17 10:09:15 2023...
