#-----------------------------------------------------------
# Vivado v2019.2 (64-bit)
# SW Build 2708876 on Wed Nov  6 21:40:23 MST 2019
# IP Build 2700528 on Thu Nov  7 00:09:20 MST 2019
# Start of session at: Wed Apr 19 00:16:43 2023
# Process ID: 29764
# Current directory: D:/Xilinx/Vivado_Projects/MIPS
# Command line: vivado.exe -gui_launcher_event rodinguilauncherevent17568 D:\Xilinx\Vivado_Projects\MIPS\MIPS.xpr
# Log file: D:/Xilinx/Vivado_Projects/MIPS/vivado.log
# Journal file: D:/Xilinx/Vivado_Projects/MIPS\vivado.jou
#-----------------------------------------------------------
start_gui
open_project D:/Xilinx/Vivado_Projects/MIPS/MIPS.xpr
Scanning sources...
Finished scanning sources
INFO: [IP_Flow 19-234] Refreshing IP repositories
INFO: [IP_Flow 19-1704] No user IP repositories specified
INFO: [IP_Flow 19-2313] Loaded Vivado IP repository 'D:/Xilinx/Vivado/2019.2/data/ip'.
launch_simulation
Command: launch_simulation 
INFO: [Vivado 12-5682] Launching behavioral simulation in 'D:/Xilinx/Vivado_Projects/MIPS/MIPS.sim/sim_1/behav/xsim'
INFO: [SIM-utils-51] Simulation object is 'sim_1'
INFO: [SIM-utils-54] Inspecting design source files for 'test_regFile' in fileset 'sim_1'...
INFO: [SIM-utils-43] Exported 'D:/Xilinx/Vivado_Projects/MIPS/MIPS.sim/sim_1/behav/xsim/memfile.dat'
INFO: [SIM-utils-43] Exported 'D:/Xilinx/Vivado_Projects/MIPS/MIPS.sim/sim_1/behav/xsim/memfile.dat'
INFO: [USF-XSim-97] Finding global include files...
INFO: [USF-XSim-100] Fetching design files from 'sources_1'...(this may take a while)...
INFO: [USF-XSim-101] Fetching design files from 'sim_1'...
INFO: [USF-XSim-2] XSim::Compile design
INFO: [USF-XSim-61] Executing 'COMPILE and ANALYZE' step in 'D:/Xilinx/Vivado_Projects/MIPS/MIPS.sim/sim_1/behav/xsim'
"xvlog --incr --relax -prj test_regFile_vlog.prj"
INFO: [VRFC 10-2263] Analyzing SystemVerilog file "D:/Xilinx/Vivado_Projects/MIPS/MIPS.srcs/sources_1/new/top.sv" into library xil_defaultlib
INFO: [VRFC 10-311] analyzing module top
INFO: [VRFC 10-2263] Analyzing SystemVerilog file "D:/Xilinx/Vivado_Projects/MIPS/MIPS.srcs/sources_1/new/mips.sv" into library xil_defaultlib
INFO: [VRFC 10-311] analyzing module mips
INFO: [VRFC 10-2458] undeclared symbol pcstr, assumed default net type wire [D:/Xilinx/Vivado_Projects/MIPS/MIPS.srcs/sources_1/new/mips.sv:15]
INFO: [VRFC 10-2458] undeclared symbol alusrc, assumed default net type wire [D:/Xilinx/Vivado_Projects/MIPS/MIPS.srcs/sources_1/new/mips.sv:16]
INFO: [VRFC 10-2263] Analyzing SystemVerilog file "D:/Xilinx/Vivado_Projects/MIPS/MIPS.srcs/sources_1/new/imem.sv" into library xil_defaultlib
INFO: [VRFC 10-311] analyzing module imem
INFO: [VRFC 10-2263] Analyzing SystemVerilog file "D:/Xilinx/Vivado_Projects/MIPS/MIPS.srcs/sources_1/new/dmem.sv" into library xil_defaultlib
INFO: [VRFC 10-311] analyzing module dmem
INFO: [VRFC 10-2263] Analyzing SystemVerilog file "D:/Xilinx/Vivado_Projects/MIPS/MIPS.srcs/sources_1/new/controller.sv" into library xil_defaultlib
INFO: [VRFC 10-311] analyzing module controller
INFO: [VRFC 10-2458] undeclared symbol ImmExt, assumed default net type wire [D:/Xilinx/Vivado_Projects/MIPS/MIPS.srcs/sources_1/new/controller.sv:13]
INFO: [VRFC 10-2263] Analyzing SystemVerilog file "D:/Xilinx/Vivado_Projects/MIPS/MIPS.srcs/sources_1/new/maindec.sv" into library xil_defaultlib
INFO: [VRFC 10-311] analyzing module maindec
INFO: [VRFC 10-2263] Analyzing SystemVerilog file "D:/Xilinx/Vivado_Projects/MIPS/MIPS.srcs/sources_1/new/aludec.sv" into library xil_defaultlib
INFO: [VRFC 10-311] analyzing module aludec
INFO: [VRFC 10-2263] Analyzing SystemVerilog file "D:/Xilinx/Vivado_Projects/MIPS/MIPS.srcs/sources_1/new/datapath.sv" into library xil_defaultlib
INFO: [VRFC 10-311] analyzing module datapath
INFO: [VRFC 10-2263] Analyzing SystemVerilog file "D:/Xilinx/Vivado_Projects/MIPS/MIPS.srcs/sources_1/new/flopr.sv" into library xil_defaultlib
INFO: [VRFC 10-311] analyzing module flopr
INFO: [VRFC 10-2263] Analyzing SystemVerilog file "D:/Xilinx/Vivado_Projects/MIPS/MIPS.srcs/sources_1/new/adder.sv" into library xil_defaultlib
INFO: [VRFC 10-311] analyzing module adder
INFO: [VRFC 10-2263] Analyzing SystemVerilog file "D:/Xilinx/Vivado_Projects/MIPS/MIPS.srcs/sources_1/new/mux2.sv" into library xil_defaultlib
INFO: [VRFC 10-311] analyzing module mux2
INFO: [VRFC 10-2263] Analyzing SystemVerilog file "D:/Xilinx/Vivado_Projects/MIPS/MIPS.srcs/sources_1/new/sl2.sv" into library xil_defaultlib
INFO: [VRFC 10-311] analyzing module sl2
INFO: [VRFC 10-2263] Analyzing SystemVerilog file "D:/Xilinx/Vivado_Projects/MIPS/MIPS.srcs/sources_1/new/regfile.sv" into library xil_defaultlib
INFO: [VRFC 10-311] analyzing module regfile
INFO: [VRFC 10-2263] Analyzing SystemVerilog file "D:/Xilinx/Vivado_Projects/MIPS/MIPS.srcs/sources_1/new/signext.sv" into library xil_defaultlib
INFO: [VRFC 10-311] analyzing module signext
INFO: [VRFC 10-2263] Analyzing SystemVerilog file "D:/Xilinx/Vivado_Projects/MIPS/MIPS.srcs/sources_1/new/alu.sv" into library xil_defaultlib
INFO: [VRFC 10-311] analyzing module alu
INFO: [VRFC 10-2263] Analyzing SystemVerilog file "D:/Xilinx/Vivado_Projects/MIPS/MIPS.srcs/sources_1/new/zeronext.sv" into library xil_defaultlib
INFO: [VRFC 10-311] analyzing module zeronext
INFO: [VRFC 10-2263] Analyzing SystemVerilog file "D:/Xilinx/Vivado_Projects/MIPS/MIPS.srcs/sim_1/new/test_regFile.sv" into library xil_defaultlib
INFO: [VRFC 10-311] analyzing module test_regFile
INFO: [USF-XSim-69] 'compile' step finished in '2' seconds
INFO: [USF-XSim-3] XSim::Elaborate design
INFO: [USF-XSim-61] Executing 'ELABORATE' step in 'D:/Xilinx/Vivado_Projects/MIPS/MIPS.sim/sim_1/behav/xsim'
"xelab -wto 26e748dd497b472c8703bc5275a2ca45 --incr --debug typical --relax --mt 2 -L xil_defaultlib -L unisims_ver -L unimacro_ver -L secureip --snapshot test_regFile_behav xil_defaultlib.test_regFile xil_defaultlib.glbl -log elaborate.log"
Vivado Simulator 2019.2
Copyright 1986-1999, 2001-2019 Xilinx, Inc. All Rights Reserved.
Running: D:/Xilinx/Vivado/2019.2/bin/unwrapped/win64.o/xelab.exe -wto 26e748dd497b472c8703bc5275a2ca45 --incr --debug typical --relax --mt 2 -L xil_defaultlib -L unisims_ver -L unimacro_ver -L secureip --snapshot test_regFile_behav xil_defaultlib.test_regFile xil_defaultlib.glbl -log elaborate.log 
Using 2 slave threads.
Starting static elaboration
Pass Through NonSizing Optimizer
Completed static elaboration
Starting simulation data flow analysis
WARNING: [XSIM 43-4099] "D:/Xilinx/Vivado_Projects/MIPS/MIPS.srcs/sources_1/new/regfile.sv" Line 2. Module regfile doesn't have a timescale but at least one module in design has a timescale.
Completed simulation data flow analysis
Time Resolution for simulation is 1ps
Compiling module xil_defaultlib.regfile
Compiling module xil_defaultlib.test_regFile
Compiling module xil_defaultlib.glbl
Built simulation snapshot test_regFile_behav
INFO: [USF-XSim-69] 'elaborate' step finished in '2' seconds
INFO: [USF-XSim-4] XSim::Simulate design
INFO: [USF-XSim-61] Executing 'SIMULATE' step in 'D:/Xilinx/Vivado_Projects/MIPS/MIPS.sim/sim_1/behav/xsim'
INFO: [USF-XSim-98] *** Running xsim
   with args "test_regFile_behav -key {Behavioral:sim_1:Functional:test_regFile} -tclbatch {test_regFile.tcl} -log {simulate.log}"
INFO: [USF-XSim-8] Loading simulator feature
Vivado Simulator 2019.2
Time resolution is 1 ps
source test_regFile.tcl
# set curr_wave [current_wave_config]
# if { [string length $curr_wave] == 0 } {
#   if { [llength [get_objects]] > 0} {
#     add_wave /
#     set_property needs_save false [current_wave_config]
#   } else {
#      send_msg_id Add_Wave-1 WARNING "No top level signals found. Simulator will start without a wave window. If you want to open a wave window go to 'File->New Waveform Configuration' or type 'create_wave_config' in the TCL console."
#   }
# }
# run 1000ns
INFO: [USF-XSim-96] XSim completed. Design snapshot 'test_regFile_behav' loaded.
INFO: [USF-XSim-97] XSim simulation ran for 1000ns
launch_simulation: Time (s): cpu = 00:00:11 ; elapsed = 00:00:09 . Memory (MB): peak = 801.832 ; gain = 28.531
add_bp {D:/Xilinx/Vivado_Projects/MIPS/MIPS.srcs/sources_1/new/regfile.sv} 16
remove_bps -file {D:/Xilinx/Vivado_Projects/MIPS/MIPS.srcs/sources_1/new/regfile.sv} -line 16
add_bp {D:/Xilinx/Vivado_Projects/MIPS/MIPS.srcs/sources_1/new/regfile.sv} 16
remove_bps -file {D:/Xilinx/Vivado_Projects/MIPS/MIPS.srcs/sources_1/new/regfile.sv} -line 16
add_bp {D:/Xilinx/Vivado_Projects/MIPS/MIPS.srcs/sim_1/new/test_regFile.sv} 38
remove_bps -file {D:/Xilinx/Vivado_Projects/MIPS/MIPS.srcs/sim_1/new/test_regFile.sv} -line 38
add_bp {D:/Xilinx/Vivado_Projects/MIPS/MIPS.srcs/sim_1/new/test_regFile.sv} 38
remove_bps -file {D:/Xilinx/Vivado_Projects/MIPS/MIPS.srcs/sim_1/new/test_regFile.sv} -line 38
add_bp {D:/Xilinx/Vivado_Projects/MIPS/MIPS.srcs/sim_1/new/test_regFile.sv} 37
remove_bps -file {D:/Xilinx/Vivado_Projects/MIPS/MIPS.srcs/sim_1/new/test_regFile.sv} -line 37
close_sim
INFO: [Simtcl 6-16] Simulation closed
close_sim: Time (s): cpu = 00:00:02 ; elapsed = 00:00:06 . Memory (MB): peak = 1113.066 ; gain = 0.000
launch_simulation
Command: launch_simulation 
INFO: [Vivado 12-5682] Launching behavioral simulation in 'D:/Xilinx/Vivado_Projects/MIPS/MIPS.sim/sim_1/behav/xsim'
INFO: [SIM-utils-51] Simulation object is 'sim_1'
INFO: [SIM-utils-54] Inspecting design source files for 'test_regFile' in fileset 'sim_1'...
INFO: [SIM-utils-43] Exported 'D:/Xilinx/Vivado_Projects/MIPS/MIPS.sim/sim_1/behav/xsim/memfile.dat'
INFO: [SIM-utils-43] Exported 'D:/Xilinx/Vivado_Projects/MIPS/MIPS.sim/sim_1/behav/xsim/memfile.dat'
INFO: [USF-XSim-97] Finding global include files...
INFO: [USF-XSim-100] Fetching design files from 'sources_1'...(this may take a while)...
INFO: [USF-XSim-101] Fetching design files from 'sim_1'...
INFO: [USF-XSim-2] XSim::Compile design
INFO: [USF-XSim-61] Executing 'COMPILE and ANALYZE' step in 'D:/Xilinx/Vivado_Projects/MIPS/MIPS.sim/sim_1/behav/xsim'
"xvlog --incr --relax -prj test_regFile_vlog.prj"
INFO: [VRFC 10-2263] Analyzing SystemVerilog file "D:/Xilinx/Vivado_Projects/MIPS/MIPS.srcs/sources_1/new/top.sv" into library xil_defaultlib
INFO: [VRFC 10-311] analyzing module top
INFO: [VRFC 10-2263] Analyzing SystemVerilog file "D:/Xilinx/Vivado_Projects/MIPS/MIPS.srcs/sources_1/new/mips.sv" into library xil_defaultlib
INFO: [VRFC 10-311] analyzing module mips
INFO: [VRFC 10-2458] undeclared symbol pcstr, assumed default net type wire [D:/Xilinx/Vivado_Projects/MIPS/MIPS.srcs/sources_1/new/mips.sv:15]
INFO: [VRFC 10-2458] undeclared symbol alusrc, assumed default net type wire [D:/Xilinx/Vivado_Projects/MIPS/MIPS.srcs/sources_1/new/mips.sv:16]
INFO: [VRFC 10-2263] Analyzing SystemVerilog file "D:/Xilinx/Vivado_Projects/MIPS/MIPS.srcs/sources_1/new/imem.sv" into library xil_defaultlib
INFO: [VRFC 10-311] analyzing module imem
INFO: [VRFC 10-2263] Analyzing SystemVerilog file "D:/Xilinx/Vivado_Projects/MIPS/MIPS.srcs/sources_1/new/dmem.sv" into library xil_defaultlib
INFO: [VRFC 10-311] analyzing module dmem
INFO: [VRFC 10-2263] Analyzing SystemVerilog file "D:/Xilinx/Vivado_Projects/MIPS/MIPS.srcs/sources_1/new/controller.sv" into library xil_defaultlib
INFO: [VRFC 10-311] analyzing module controller
INFO: [VRFC 10-2458] undeclared symbol ImmExt, assumed default net type wire [D:/Xilinx/Vivado_Projects/MIPS/MIPS.srcs/sources_1/new/controller.sv:13]
INFO: [VRFC 10-2263] Analyzing SystemVerilog file "D:/Xilinx/Vivado_Projects/MIPS/MIPS.srcs/sources_1/new/maindec.sv" into library xil_defaultlib
INFO: [VRFC 10-311] analyzing module maindec
INFO: [VRFC 10-2263] Analyzing SystemVerilog file "D:/Xilinx/Vivado_Projects/MIPS/MIPS.srcs/sources_1/new/aludec.sv" into library xil_defaultlib
INFO: [VRFC 10-311] analyzing module aludec
INFO: [VRFC 10-2263] Analyzing SystemVerilog file "D:/Xilinx/Vivado_Projects/MIPS/MIPS.srcs/sources_1/new/datapath.sv" into library xil_defaultlib
INFO: [VRFC 10-311] analyzing module datapath
INFO: [VRFC 10-2263] Analyzing SystemVerilog file "D:/Xilinx/Vivado_Projects/MIPS/MIPS.srcs/sources_1/new/flopr.sv" into library xil_defaultlib
INFO: [VRFC 10-311] analyzing module flopr
INFO: [VRFC 10-2263] Analyzing SystemVerilog file "D:/Xilinx/Vivado_Projects/MIPS/MIPS.srcs/sources_1/new/adder.sv" into library xil_defaultlib
INFO: [VRFC 10-311] analyzing module adder
INFO: [VRFC 10-2263] Analyzing SystemVerilog file "D:/Xilinx/Vivado_Projects/MIPS/MIPS.srcs/sources_1/new/mux2.sv" into library xil_defaultlib
INFO: [VRFC 10-311] analyzing module mux2
INFO: [VRFC 10-2263] Analyzing SystemVerilog file "D:/Xilinx/Vivado_Projects/MIPS/MIPS.srcs/sources_1/new/sl2.sv" into library xil_defaultlib
INFO: [VRFC 10-311] analyzing module sl2
INFO: [VRFC 10-2263] Analyzing SystemVerilog file "D:/Xilinx/Vivado_Projects/MIPS/MIPS.srcs/sources_1/new/regfile.sv" into library xil_defaultlib
INFO: [VRFC 10-311] analyzing module regfile
INFO: [VRFC 10-2263] Analyzing SystemVerilog file "D:/Xilinx/Vivado_Projects/MIPS/MIPS.srcs/sources_1/new/signext.sv" into library xil_defaultlib
INFO: [VRFC 10-311] analyzing module signext
INFO: [VRFC 10-2263] Analyzing SystemVerilog file "D:/Xilinx/Vivado_Projects/MIPS/MIPS.srcs/sources_1/new/alu.sv" into library xil_defaultlib
INFO: [VRFC 10-311] analyzing module alu
INFO: [VRFC 10-2263] Analyzing SystemVerilog file "D:/Xilinx/Vivado_Projects/MIPS/MIPS.srcs/sources_1/new/zeronext.sv" into library xil_defaultlib
INFO: [VRFC 10-311] analyzing module zeronext
INFO: [VRFC 10-2263] Analyzing SystemVerilog file "D:/Xilinx/Vivado_Projects/MIPS/MIPS.srcs/sim_1/new/test_regFile.sv" into library xil_defaultlib
INFO: [VRFC 10-311] analyzing module test_regFile
INFO: [USF-XSim-69] 'compile' step finished in '1' seconds
INFO: [USF-XSim-3] XSim::Elaborate design
INFO: [USF-XSim-61] Executing 'ELABORATE' step in 'D:/Xilinx/Vivado_Projects/MIPS/MIPS.sim/sim_1/behav/xsim'
"xelab -wto 26e748dd497b472c8703bc5275a2ca45 --incr --debug typical --relax --mt 2 -L xil_defaultlib -L unisims_ver -L unimacro_ver -L secureip --snapshot test_regFile_behav xil_defaultlib.test_regFile xil_defaultlib.glbl -log elaborate.log"
Vivado Simulator 2019.2
Copyright 1986-1999, 2001-2019 Xilinx, Inc. All Rights Reserved.
Running: D:/Xilinx/Vivado/2019.2/bin/unwrapped/win64.o/xelab.exe -wto 26e748dd497b472c8703bc5275a2ca45 --incr --debug typical --relax --mt 2 -L xil_defaultlib -L unisims_ver -L unimacro_ver -L secureip --snapshot test_regFile_behav xil_defaultlib.test_regFile xil_defaultlib.glbl -log elaborate.log 
Using 2 slave threads.
Starting static elaboration
Pass Through NonSizing Optimizer
Completed static elaboration
Starting simulation data flow analysis
WARNING: [XSIM 43-4099] "D:/Xilinx/Vivado_Projects/MIPS/MIPS.srcs/sources_1/new/regfile.sv" Line 2. Module regfile doesn't have a timescale but at least one module in design has a timescale.
Completed simulation data flow analysis
Time Resolution for simulation is 1ps
Compiling module xil_defaultlib.regfile
Compiling module xil_defaultlib.test_regFile
Compiling module xil_defaultlib.glbl
Built simulation snapshot test_regFile_behav
INFO: [USF-XSim-69] 'elaborate' step finished in '2' seconds
INFO: [USF-XSim-4] XSim::Simulate design
INFO: [USF-XSim-61] Executing 'SIMULATE' step in 'D:/Xilinx/Vivado_Projects/MIPS/MIPS.sim/sim_1/behav/xsim'
INFO: [USF-XSim-98] *** Running xsim
   with args "test_regFile_behav -key {Behavioral:sim_1:Functional:test_regFile} -tclbatch {test_regFile.tcl} -log {simulate.log}"
INFO: [USF-XSim-8] Loading simulator feature
Vivado Simulator 2019.2
Time resolution is 1 ps
source test_regFile.tcl
# set curr_wave [current_wave_config]
# if { [string length $curr_wave] == 0 } {
#   if { [llength [get_objects]] > 0} {
#     add_wave /
#     set_property needs_save false [current_wave_config]
#   } else {
#      send_msg_id Add_Wave-1 WARNING "No top level signals found. Simulator will start without a wave window. If you want to open a wave window go to 'File->New Waveform Configuration' or type 'create_wave_config' in the TCL console."
#   }
# }
# run 1000ns
INFO: [USF-XSim-96] XSim completed. Design snapshot 'test_regFile_behav' loaded.
INFO: [USF-XSim-97] XSim simulation ran for 1000ns
launch_simulation: Time (s): cpu = 00:00:04 ; elapsed = 00:00:06 . Memory (MB): peak = 1113.066 ; gain = 0.000
close_sim
INFO: [Simtcl 6-16] Simulation closed
exit
INFO: [Common 17-206] Exiting Vivado at Wed Apr 19 00:31:17 2023...
