#-----------------------------------------------------------
# Vivado v2019.2 (64-bit)
# SW Build 2708876 on Wed Nov  6 21:40:23 MST 2019
# IP Build 2700528 on Thu Nov  7 00:09:20 MST 2019
# Start of session at: Thu Apr 20 00:57:47 2023
# Process ID: 15176
# Current directory: D:/Xilinx/Vivado_Projects/MIPS_IO
# Command line: vivado.exe -gui_launcher_event rodinguilauncherevent40292 D:\Xilinx\Vivado_Projects\MIPS_IO\MIPS.xpr
# Log file: D:/Xilinx/Vivado_Projects/MIPS_IO/vivado.log
# Journal file: D:/Xilinx/Vivado_Projects/MIPS_IO\vivado.jou
#-----------------------------------------------------------
start_gui
open_project D:/Xilinx/Vivado_Projects/MIPS_IO/MIPS.xpr
Scanning sources...
Finished scanning sources
INFO: [IP_Flow 19-234] Refreshing IP repositories
INFO: [IP_Flow 19-1704] No user IP repositories specified
INFO: [IP_Flow 19-2313] Loaded Vivado IP repository 'D:/Xilinx/Vivado/2019.2/data/ip'.
launch_simulation
Command: launch_simulation 
INFO: [Vivado 12-5682] Launching behavioral simulation in 'D:/Xilinx/Vivado_Projects/MIPS_IO/MIPS.sim/sim_1/behav/xsim'
INFO: [SIM-utils-51] Simulation object is 'sim_1'
INFO: [SIM-utils-54] Inspecting design source files for 'testbench' in fileset 'sim_1'...
INFO: [SIM-utils-43] Exported 'D:/Xilinx/Vivado_Projects/MIPS_IO/MIPS.sim/sim_1/behav/xsim/TestIO.dat'
INFO: [SIM-utils-43] Exported 'D:/Xilinx/Vivado_Projects/MIPS_IO/MIPS.sim/sim_1/behav/xsim/memfile.dat'
INFO: [SIM-utils-43] Exported 'D:/Xilinx/Vivado_Projects/MIPS_IO/MIPS.sim/sim_1/behav/xsim/memfileExt.dat'
INFO: [SIM-utils-43] Exported 'D:/Xilinx/Vivado_Projects/MIPS_IO/MIPS.sim/sim_1/behav/xsim/memfile.dat'
INFO: [SIM-utils-43] Exported 'D:/Xilinx/Vivado_Projects/MIPS_IO/MIPS.sim/sim_1/behav/xsim/memfileExt.dat'
INFO: [USF-XSim-97] Finding global include files...
INFO: [USF-XSim-100] Fetching design files from 'sources_1'...(this may take a while)...
INFO: [USF-XSim-101] Fetching design files from 'sim_1'...
INFO: [USF-XSim-2] XSim::Compile design
INFO: [USF-XSim-61] Executing 'COMPILE and ANALYZE' step in 'D:/Xilinx/Vivado_Projects/MIPS_IO/MIPS.sim/sim_1/behav/xsim'
"xvlog --incr --relax -prj testbench_vlog.prj"
INFO: [USF-XSim-69] 'compile' step finished in '1' seconds
INFO: [USF-XSim-3] XSim::Elaborate design
INFO: [USF-XSim-61] Executing 'ELABORATE' step in 'D:/Xilinx/Vivado_Projects/MIPS_IO/MIPS.sim/sim_1/behav/xsim'
"xelab -wto 26e748dd497b472c8703bc5275a2ca45 --incr --debug typical --relax --mt 2 -L xil_defaultlib -L unisims_ver -L unimacro_ver -L secureip --snapshot testbench_behav xil_defaultlib.testbench xil_defaultlib.glbl -log elaborate.log"
Vivado Simulator 2019.2
Copyright 1986-1999, 2001-2019 Xilinx, Inc. All Rights Reserved.
Running: D:/Xilinx/Vivado/2019.2/bin/unwrapped/win64.o/xelab.exe -wto 26e748dd497b472c8703bc5275a2ca45 --incr --debug typical --relax --mt 2 -L xil_defaultlib -L unisims_ver -L unimacro_ver -L secureip --snapshot testbench_behav xil_defaultlib.testbench xil_defaultlib.glbl -log elaborate.log 
Using 2 slave threads.
Starting static elaboration
Pass Through NonSizing Optimizer
WARNING: [VRFC 10-3091] actual bit length 8 differs from formal bit length 32 for port 'a' [D:/Xilinx/Vivado_Projects/MIPS_IO/MIPS.srcs/sources_1/new/dMemoryDecoder.sv:33]
Completed static elaboration
INFO: [XSIM 43-4323] No Change in HDL. Linking previously generated obj files to create kernel
INFO: [USF-XSim-69] 'elaborate' step finished in '1' seconds
INFO: [USF-XSim-4] XSim::Simulate design
INFO: [USF-XSim-61] Executing 'SIMULATE' step in 'D:/Xilinx/Vivado_Projects/MIPS_IO/MIPS.sim/sim_1/behav/xsim'
INFO: [USF-XSim-98] *** Running xsim
   with args "testbench_behav -key {Behavioral:sim_1:Functional:testbench} -tclbatch {testbench.tcl} -view {D:/Xilinx/Vivado_Projects/MIPS_IO/testbench_behav.wcfg} -log {simulate.log}"
INFO: [USF-XSim-8] Loading simulator feature
Vivado Simulator 2019.2
Time resolution is 1 ps
open_wave_config D:/Xilinx/Vivado_Projects/MIPS_IO/testbench_behav.wcfg
source testbench.tcl
# set curr_wave [current_wave_config]
# if { [string length $curr_wave] == 0 } {
#   if { [llength [get_objects]] > 0} {
#     add_wave /
#     set_property needs_save false [current_wave_config]
#   } else {
#      send_msg_id Add_Wave-1 WARNING "No top level signals found. Simulator will start without a wave window. If you want to open a wave window go to 'File->New Waveform Configuration' or type 'create_wave_config' in the TCL console."
#   }
# }
# run 1000ns
INFO: [USF-XSim-96] XSim completed. Design snapshot 'testbench_behav' loaded.
INFO: [USF-XSim-97] XSim simulation ran for 1000ns
launch_simulation: Time (s): cpu = 00:00:09 ; elapsed = 00:00:06 . Memory (MB): peak = 819.594 ; gain = 17.035
close_sim
INFO: [Simtcl 6-16] Simulation closed
exit
INFO: [Common 17-206] Exiting Vivado at Thu Apr 20 01:11:45 2023...
